{"/Users/davidjmorin/GKCHATTY/apps/api/src/utils/inMemoryStore.ts": {"path":"/Users/davidjmorin/GKCHATTY/apps/api/src/utils/inMemoryStore.ts","statementMap":{"0":{"start":{"line":15,"column":0},"end":{"line":15,"column":16}},"1":{"start":{"line":35,"column":0},"end":{"line":35,"column":16}},"2":{"start":{"line":49,"column":0},"end":{"line":49,"column":16}},"3":{"start":{"line":65,"column":0},"end":{"line":65,"column":16}},"4":{"start":{"line":16,"column":2},"end":{"line":18,"column":3}},"5":{"start":{"line":17,"column":4},"end":{"line":17,"column":57}},"6":{"start":{"line":20,"column":21},"end":{"line":20,"column":67}},"7":{"start":{"line":20,"column":47},"end":{"line":20,"column":63}},"8":{"start":{"line":21,"column":21},"end":{"line":21,"column":74}},"9":{"start":{"line":21,"column":54},"end":{"line":21,"column":69}},"10":{"start":{"line":22,"column":21},"end":{"line":22,"column":74}},"11":{"start":{"line":22,"column":54},"end":{"line":22,"column":69}},"12":{"start":{"line":24,"column":2},"end":{"line":24,"column":53}},"13":{"start":{"line":24,"column":44},"end":{"line":24,"column":53}},"14":{"start":{"line":25,"column":2},"end":{"line":25,"column":48}},"15":{"start":{"line":29,"column":14},"end":{"line":29,"column":54}},"16":{"start":{"line":30,"column":17},"end":{"line":30,"column":21}},"17":{"start":{"line":36,"column":2},"end":{"line":42,"column":3}},"18":{"start":{"line":38,"column":22},"end":{"line":38,"column":49}},"19":{"start":{"line":39,"column":4},"end":{"line":41,"column":5}},"20":{"start":{"line":40,"column":6},"end":{"line":40,"column":30}},"21":{"start":{"line":43,"column":2},"end":{"line":43,"column":29}},"22":{"start":{"line":50,"column":18},"end":{"line":57,"column":32}},"23":{"start":{"line":51,"column":19},"end":{"line":54,"column":6}},"24":{"start":{"line":55,"column":20},"end":{"line":55,"column":47}},"25":{"start":{"line":57,"column":19},"end":{"line":57,"column":31}},"26":{"start":{"line":59,"column":2},"end":{"line":59,"column":17}},"27":{"start":{"line":66,"column":2},"end":{"line":66,"column":16}}},"fnMap":{"0":{"name":"cosineSimilarity","decl":{"start":{"line":15,"column":16},"end":{"line":15,"column":32}},"loc":{"start":{"line":15,"column":57},"end":{"line":26,"column":1}}},"1":{"name":"(anonymous_1)","decl":{"start":{"line":20,"column":30},"end":{"line":20,"column":31}},"loc":{"start":{"line":20,"column":47},"end":{"line":20,"column":63}}},"2":{"name":"(anonymous_2)","decl":{"start":{"line":21,"column":40},"end":{"line":21,"column":41}},"loc":{"start":{"line":21,"column":54},"end":{"line":21,"column":69}}},"3":{"name":"(anonymous_3)","decl":{"start":{"line":22,"column":40},"end":{"line":22,"column":41}},"loc":{"start":{"line":22,"column":54},"end":{"line":22,"column":69}}},"4":{"name":"addDocumentChunk","decl":{"start":{"line":35,"column":16},"end":{"line":35,"column":32}},"loc":{"start":{"line":35,"column":61},"end":{"line":44,"column":1}}},"5":{"name":"similaritySearch","decl":{"start":{"line":49,"column":16},"end":{"line":49,"column":32}},"loc":{"start":{"line":49,"column":75},"end":{"line":60,"column":1}}},"6":{"name":"(anonymous_6)","decl":{"start":{"line":51,"column":9},"end":{"line":51,"column":14}},"loc":{"start":{"line":51,"column":19},"end":{"line":54,"column":6}}},"7":{"name":"(anonymous_7)","decl":{"start":{"line":55,"column":10},"end":{"line":55,"column":11}},"loc":{"start":{"line":55,"column":20},"end":{"line":55,"column":47}}},"8":{"name":"(anonymous_8)","decl":{"start":{"line":57,"column":9},"end":{"line":57,"column":15}},"loc":{"start":{"line":57,"column":19},"end":{"line":57,"column":31}}},"9":{"name":"clearStore","decl":{"start":{"line":65,"column":16},"end":{"line":65,"column":26}},"loc":{"start":{"line":65,"column":26},"end":{"line":67,"column":1}}}},"branchMap":{"0":{"loc":{"start":{"line":16,"column":2},"end":{"line":18,"column":3}},"type":"if","locations":[{"start":{"line":16,"column":2},"end":{"line":18,"column":3}}]},"1":{"loc":{"start":{"line":24,"column":2},"end":{"line":24,"column":53}},"type":"if","locations":[{"start":{"line":24,"column":2},"end":{"line":24,"column":53}}]},"2":{"loc":{"start":{"line":24,"column":6},"end":{"line":24,"column":42}},"type":"binary-expr","locations":[{"start":{"line":24,"column":6},"end":{"line":24,"column":22}},{"start":{"line":24,"column":26},"end":{"line":24,"column":42}}]},"3":{"loc":{"start":{"line":36,"column":2},"end":{"line":42,"column":3}},"type":"if","locations":[{"start":{"line":36,"column":2},"end":{"line":42,"column":3}}]},"4":{"loc":{"start":{"line":39,"column":4},"end":{"line":41,"column":5}},"type":"if","locations":[{"start":{"line":39,"column":4},"end":{"line":41,"column":5}}]},"5":{"loc":{"start":{"line":49,"column":59},"end":{"line":49,"column":75}},"type":"default-arg","locations":[{"start":{"line":49,"column":74},"end":{"line":49,"column":75}}]}},"s":{"0":1,"1":1,"2":1,"3":1,"4":1010,"5":1,"6":1009,"7":3027,"8":1009,"9":3027,"10":1009,"11":3027,"12":1009,"13":1,"14":1008,"15":1,"16":1,"17":1008,"18":1,"19":1,"20":1,"21":1008,"22":6,"23":1007,"24":1002,"25":1006,"26":6,"27":9},"f":{"0":1010,"1":3027,"2":3027,"3":3027,"4":1008,"5":6,"6":1007,"7":1002,"8":1006,"9":9},"b":{"0":[1],"1":[1],"2":[1009,1008],"3":[1],"4":[1],"5":[0]}}
,"/Users/davidjmorin/GKCHATTY/apps/api/src/utils/textProcessor.ts": {"path":"/Users/davidjmorin/GKCHATTY/apps/api/src/utils/textProcessor.ts","statementMap":{"0":{"start":{"line":12,"column":0},"end":{"line":12,"column":16}},"1":{"start":{"line":58,"column":0},"end":{"line":58,"column":16}},"2":{"start":{"line":13,"column":2},"end":{"line":15,"column":3}},"3":{"start":{"line":14,"column":4},"end":{"line":14,"column":14}},"4":{"start":{"line":17,"column":2},"end":{"line":19,"column":3}},"5":{"start":{"line":18,"column":4},"end":{"line":18,"column":57}},"6":{"start":{"line":21,"column":2},"end":{"line":23,"column":3}},"7":{"start":{"line":22,"column":4},"end":{"line":22,"column":52}},"8":{"start":{"line":25,"column":2},"end":{"line":27,"column":3}},"9":{"start":{"line":26,"column":4},"end":{"line":26,"column":63}},"10":{"start":{"line":29,"column":27},"end":{"line":29,"column":29}},"11":{"start":{"line":30,"column":21},"end":{"line":30,"column":22}},"12":{"start":{"line":32,"column":2},"end":{"line":47,"column":3}},"13":{"start":{"line":33,"column":21},"end":{"line":33,"column":68}},"14":{"start":{"line":34,"column":18},"end":{"line":34,"column":59}},"15":{"start":{"line":36,"column":4},"end":{"line":38,"column":5}},"16":{"start":{"line":37,"column":6},"end":{"line":37,"column":25}},"17":{"start":{"line":41,"column":4},"end":{"line":41,"column":40}},"18":{"start":{"line":44,"column":4},"end":{"line":46,"column":5}},"19":{"start":{"line":45,"column":6},"end":{"line":45,"column":12}},"20":{"start":{"line":49,"column":2},"end":{"line":49,"column":16}},"21":{"start":{"line":60,"column":26},"end":{"line":60,"column":27}},"22":{"start":{"line":61,"column":2},"end":{"line":61,"column":50}}},"fnMap":{"0":{"name":"chunkText","decl":{"start":{"line":12,"column":16},"end":{"line":12,"column":25}},"loc":{"start":{"line":12,"column":85},"end":{"line":50,"column":1}}},"1":{"name":"estimateTokenCount","decl":{"start":{"line":58,"column":16},"end":{"line":58,"column":34}},"loc":{"start":{"line":58,"column":47},"end":{"line":62,"column":1}}}},"branchMap":{"0":{"loc":{"start":{"line":12,"column":40},"end":{"line":12,"column":64}},"type":"default-arg","locations":[{"start":{"line":12,"column":60},"end":{"line":12,"column":64}}]},"1":{"loc":{"start":{"line":12,"column":66},"end":{"line":12,"column":85}},"type":"default-arg","locations":[{"start":{"line":12,"column":84},"end":{"line":12,"column":85}}]},"2":{"loc":{"start":{"line":13,"column":2},"end":{"line":15,"column":3}},"type":"if","locations":[{"start":{"line":13,"column":2},"end":{"line":15,"column":3}}]},"3":{"loc":{"start":{"line":13,"column":6},"end":{"line":13,"column":32}},"type":"binary-expr","locations":[{"start":{"line":13,"column":6},"end":{"line":13,"column":11}},{"start":{"line":13,"column":15},"end":{"line":13,"column":32}}]},"4":{"loc":{"start":{"line":17,"column":2},"end":{"line":19,"column":3}},"type":"if","locations":[{"start":{"line":17,"column":2},"end":{"line":19,"column":3}}]},"5":{"loc":{"start":{"line":21,"column":2},"end":{"line":23,"column":3}},"type":"if","locations":[{"start":{"line":21,"column":2},"end":{"line":23,"column":3}}]},"6":{"loc":{"start":{"line":25,"column":2},"end":{"line":27,"column":3}},"type":"if","locations":[{"start":{"line":25,"column":2},"end":{"line":27,"column":3}}]},"7":{"loc":{"start":{"line":36,"column":4},"end":{"line":38,"column":5}},"type":"if","locations":[{"start":{"line":36,"column":4},"end":{"line":38,"column":5}}]},"8":{"loc":{"start":{"line":44,"column":4},"end":{"line":46,"column":5}},"type":"if","locations":[{"start":{"line":44,"column":4},"end":{"line":46,"column":5}}]}},"s":{"0":1,"1":1,"2":6,"3":1,"4":5,"5":1,"6":4,"7":1,"8":3,"9":1,"10":2,"11":2,"12":2,"13":7,"14":7,"15":7,"16":7,"17":7,"18":7,"19":2,"20":2,"21":0,"22":0},"f":{"0":6,"1":0},"b":{"0":[1],"1":[3],"2":[1],"3":[6,5],"4":[1],"5":[1],"6":[1],"7":[7],"8":[2]}}
}
