TN:
SF:src/utils/inMemoryStore.ts
FN:32,(anonymous_0)
FN:43,(anonymous_1)
FN:49,(anonymous_2)
FN:50,(anonymous_3)
FN:51,(anonymous_4)
FN:69,(anonymous_5)
FN:103,(anonymous_6)
FN:112,(anonymous_7)
FN:118,(anonymous_8)
FN:121,(anonymous_9)
FN:126,(anonymous_10)
FN:128,(anonymous_11)
FN:132,(anonymous_12)
FNF:13
FNH:13
FNDA:1,(anonymous_0)
FNDA:11,(anonymous_1)
FNDA:30,(anonymous_2)
FNDA:30,(anonymous_3)
FNDA:30,(anonymous_4)
FNDA:14,(anonymous_5)
FNDA:5,(anonymous_6)
FNDA:6,(anonymous_7)
FNDA:2,(anonymous_8)
FNDA:4,(anonymous_9)
FNDA:3,(anonymous_10)
FNDA:5,(anonymous_11)
FNDA:3,(anonymous_12)
DA:30,1
DA:33,1
DA:34,1
DA:44,11
DA:45,1
DA:46,1
DA:49,30
DA:50,30
DA:51,30
DA:53,10
DA:55,1
DA:58,9
DA:76,14
DA:77,14
DA:86,14
DA:87,14
DA:105,5
DA:106,1
DA:109,4
DA:112,6
DA:118,3
DA:121,4
DA:123,3
DA:127,3
DA:128,5
DA:132,3
DA:138,1
LF:27
LH:27
BRDA:44,0,0,1
BRDA:53,1,0,1
BRDA:53,2,0,10
BRDA:53,2,1,10
BRDA:105,3,0,1
BRDA:126,4,0,2
BRF:6
BRH:6
end_of_record
TN:
SF:src/utils/mathUtils.ts
FN:7,cosineSimilarity
FN:12,(anonymous_1)
FN:13,(anonymous_2)
FN:14,(anonymous_3)
FNF:4
FNH:4
FNDA:9,cosineSimilarity
FNDA:23,(anonymous_1)
FNDA:23,(anonymous_2)
FNDA:23,(anonymous_3)
DA:7,2
DA:8,9
DA:9,1
DA:12,23
DA:13,23
DA:14,23
DA:16,8
DA:17,2
DA:20,6
LF:9
LH:9
BRDA:8,0,0,1
BRDA:16,1,0,2
BRDA:16,2,0,8
BRDA:16,2,1,7
BRF:4
BRH:4
end_of_record
TN:
SF:src/utils/mongoStore.ts
FN:11,(anonymous_0)
FN:17,(anonymous_1)
FN:35,(anonymous_2)
FN:44,(anonymous_3)
FN:50,(anonymous_4)
FN:52,(anonymous_5)
FN:62,(anonymous_6)
FN:74,(anonymous_7)
FNF:8
FNH:8
FNDA:2,(anonymous_0)
FNDA:4,(anonymous_1)
FNDA:2,(anonymous_2)
FNDA:2,(anonymous_3)
FNDA:1,(anonymous_4)
FNDA:2,(anonymous_5)
FNDA:2,(anonymous_6)
FNDA:2,(anonymous_7)
DA:1,1
DA:2,1
DA:7,1
DA:16,2
DA:17,4
DA:25,2
DA:27,1
DA:28,1
DA:39,2
DA:41,2
DA:44,2
DA:49,1
DA:50,1
DA:52,2
DA:54,1
DA:55,1
DA:63,2
DA:64,2
DA:66,1
DA:67,1
DA:75,2
DA:76,2
DA:78,1
DA:79,1
LF:24
LH:24
BRDA:37,0,0,2
BRF:1
BRH:1
end_of_record
